This is pdfTeX, Version 3.141592653-2.6-1.40.26 (TeX Live 2024) (preloaded format=pdflatex 2024.10.8)  9 OCT 2024 16:59
entering extended mode
 restricted \write18 enabled.
 file:line:error style messages enabled.
 %&-line parsing enabled.
**/Users/punk/programming/School/IN5020/tex/prosjektoppgave_2.tex/oppgave
(/Users/punk/programming/School/IN5020/tex/prosjektoppgave_2.tex/oppgave.tex
LaTeX2e <2023-11-01> patch level 1
L3 programming layer <2024-02-20>
(/usr/local/texlive/2024/texmf-dist/tex/latex/base/article.cls
Document Class: article 2023/05/17 v1.4n Standard LaTeX document class
(/usr/local/texlive/2024/texmf-dist/tex/latex/base/size10.clo
File: size10.clo 2023/05/17 v1.4n Standard LaTeX file (size option)
)
\c@part=\count188
\c@section=\count189
\c@subsection=\count190
\c@subsubsection=\count191
\c@paragraph=\count192
\c@subparagraph=\count193
\c@figure=\count194
\c@table=\count195
\abovecaptionskip=\skip48
\belowcaptionskip=\skip49
\bibindent=\dimen140
) (/usr/local/texlive/2024/texmf-dist/tex/latex/amsmath/amsmath.sty
Package: amsmath 2023/05/13 v2.17o AMS math features
\@mathmargin=\skip50

For additional information on amsmath, use the `?' option.
(/usr/local/texlive/2024/texmf-dist/tex/latex/amsmath/amstext.sty
Package: amstext 2021/08/26 v2.01 AMS text
 (/usr/local/texlive/2024/texmf-dist/tex/latex/amsmath/amsgen.sty
File: amsgen.sty 1999/11/30 v2.0 generic functions
\@emptytoks=\toks17
\ex@=\dimen141
)) (/usr/local/texlive/2024/texmf-dist/tex/latex/amsmath/amsbsy.sty
Package: amsbsy 1999/11/29 v1.2d Bold Symbols
\pmbraise@=\dimen142
) (/usr/local/texlive/2024/texmf-dist/tex/latex/amsmath/amsopn.sty
Package: amsopn 2022/04/08 v2.04 operator names
)
\inf@bad=\count196
LaTeX Info: Redefining \frac on input line 234.
\uproot@=\count197
\leftroot@=\count198
LaTeX Info: Redefining \overline on input line 399.
LaTeX Info: Redefining \colon on input line 410.
\classnum@=\count199
\DOTSCASE@=\count266
LaTeX Info: Redefining \ldots on input line 496.
LaTeX Info: Redefining \dots on input line 499.
LaTeX Info: Redefining \cdots on input line 620.
\Mathstrutbox@=\box51
\strutbox@=\box52
LaTeX Info: Redefining \big on input line 722.
LaTeX Info: Redefining \Big on input line 723.
LaTeX Info: Redefining \bigg on input line 724.
LaTeX Info: Redefining \Bigg on input line 725.
\big@size=\dimen143
LaTeX Font Info:    Redeclaring font encoding OML on input line 743.
LaTeX Font Info:    Redeclaring font encoding OMS on input line 744.
\macc@depth=\count267
LaTeX Info: Redefining \bmod on input line 905.
LaTeX Info: Redefining \pmod on input line 910.
LaTeX Info: Redefining \smash on input line 940.
LaTeX Info: Redefining \relbar on input line 970.
LaTeX Info: Redefining \Relbar on input line 971.
\c@MaxMatrixCols=\count268
\dotsspace@=\muskip16
\c@parentequation=\count269
\dspbrk@lvl=\count270
\tag@help=\toks18
\row@=\count271
\column@=\count272
\maxfields@=\count273
\andhelp@=\toks19
\eqnshift@=\dimen144
\alignsep@=\dimen145
\tagshift@=\dimen146
\tagwidth@=\dimen147
\totwidth@=\dimen148
\lineht@=\dimen149
\@envbody=\toks20
\multlinegap=\skip51
\multlinetaggap=\skip52
\mathdisplay@stack=\toks21
LaTeX Info: Redefining \[ on input line 2953.
LaTeX Info: Redefining \] on input line 2954.
) (/usr/local/texlive/2024/texmf-dist/tex/latex/tools/bm.sty
Package: bm 2023/07/08 v1.2f Bold Symbol Support (DPC/FMi)
\symboldoperators=\mathgroup4
\symboldletters=\mathgroup5
\symboldsymbols=\mathgroup6
Package bm Info: No bold for \OMX/cmex/m/n, using \pmb.
LaTeX Font Info:    Redeclaring math alphabet \mathbf on input line 149.
) (/usr/local/texlive/2024/texmf-dist/tex/latex/graphics/graphicx.sty
Package: graphicx 2021/09/16 v1.2d Enhanced LaTeX Graphics (DPC,SPQR)
 (/usr/local/texlive/2024/texmf-dist/tex/latex/graphics/keyval.sty
Package: keyval 2022/05/29 v1.15 key=value parser (DPC)
\KV@toks@=\toks22
) (/usr/local/texlive/2024/texmf-dist/tex/latex/graphics/graphics.sty
Package: graphics 2022/03/10 v1.4e Standard LaTeX Graphics (DPC,SPQR)
 (/usr/local/texlive/2024/texmf-dist/tex/latex/graphics/trig.sty
Package: trig 2021/08/11 v1.11 sin cos tan (DPC)
) (/usr/local/texlive/2024/texmf-dist/tex/latex/graphics-cfg/graphics.cfg
File: graphics.cfg 2016/06/04 v1.11 sample graphics configuration
)
Package graphics Info: Driver file: pdftex.def on input line 107.
 (/usr/local/texlive/2024/texmf-dist/tex/latex/graphics-def/pdftex.def
File: pdftex.def 2022/09/22 v1.2b Graphics/color driver for pdftex
))
\Gin@req@height=\dimen150
\Gin@req@width=\dimen151
) (/usr/local/texlive/2024/texmf-dist/tex/latex/l3backend/l3backend-pdftex.def
File: l3backend-pdftex.def 2024-02-20 L3 backend support: PDF output (pdfTeX)
\l__color_backend_stack_int=\count274
\l__pdf_internal_box=\box53
) (./oppgave.aux)
\openout1 = `oppgave.aux'.

LaTeX Font Info:    Checking defaults for OML/cmm/m/it on input line 11.
LaTeX Font Info:    ... okay on input line 11.
LaTeX Font Info:    Checking defaults for OMS/cmsy/m/n on input line 11.
LaTeX Font Info:    ... okay on input line 11.
LaTeX Font Info:    Checking defaults for OT1/cmr/m/n on input line 11.
LaTeX Font Info:    ... okay on input line 11.
LaTeX Font Info:    Checking defaults for T1/cmr/m/n on input line 11.
LaTeX Font Info:    ... okay on input line 11.
LaTeX Font Info:    Checking defaults for TS1/cmr/m/n on input line 11.
LaTeX Font Info:    ... okay on input line 11.
LaTeX Font Info:    Checking defaults for OMX/cmex/m/n on input line 11.
LaTeX Font Info:    ... okay on input line 11.
LaTeX Font Info:    Checking defaults for U/cmr/m/n on input line 11.
LaTeX Font Info:    ... okay on input line 11.
 (/usr/local/texlive/2024/texmf-dist/tex/context/base/mkii/supp-pdf.mkii
[Loading MPS to PDF converter (version 2006.09.02).]
\scratchcounter=\count275
\scratchdimen=\dimen152
\scratchbox=\box54
\nofMPsegments=\count276
\nofMParguments=\count277
\everyMPshowfont=\toks23
\MPscratchCnt=\count278
\MPscratchDim=\dimen153
\MPnumerator=\count279
\makeMPintoPDFobject=\count280
\everyMPtoPDFconversion=\toks24
) (/usr/local/texlive/2024/texmf-dist/tex/latex/epstopdf-pkg/epstopdf-base.sty
Package: epstopdf-base 2020-01-24 v2.11 Base part for package epstopdf
Package epstopdf-base Info: Redefining graphics rule for `.eps' on input line 485.
 (/usr/local/texlive/2024/texmf-dist/tex/latex/latexconfig/epstopdf-sys.cfg
File: epstopdf-sys.cfg 2010/07/13 v1.3 Configuration of (r)epstopdf for TeX Live
)) [1

{/usr/local/texlive/2024/texmf-var/fonts/map/pdftex/updmap/pdftex.map}]
<./images/Bilde1.png, id=14, 513.92pt x 513.92pt>
File: ./images/Bilde1.png Graphic file (type png)
<use ./images/Bilde1.png>
Package pdftex.def Info: ./images/Bilde1.png  used on input line 34.
(pdftex.def)             Requested size: 133.72786pt x 133.72583pt.
<./images/test_regions.png, id=16, 310.761pt x 302.0886pt>
File: ./images/test_regions.png Graphic file (type png)
<use ./images/test_regions.png>
Package pdftex.def Info: ./images/test_regions.png  used on input line 54.
(pdftex.def)             Requested size: 137.71123pt x 133.86894pt.
 [2 <./images/Bilde1.png> <./images/test_regions.png>]
Overfull \hbox (9.79701pt too wide) in paragraph at lines 78--80
\OT1/cmr/m/n/10 beslut-nin-srege-len. Ved hjelp av diskrim-i-nant-funksjoner kan denne beslut-ningsrege-
 []

[3]
<./images/plott_paprika.png, id=29, 395.3169pt x 298.4751pt>
File: ./images/plott_paprika.png Graphic file (type png)
<use ./images/plott_paprika.png>
Package pdftex.def Info: ./images/plott_paprika.png  used on input line 116.
(pdftex.def)             Requested size: 137.71123pt x 103.97597pt.
 [4 <./images/plott_paprika.png>]
<./images/resultat_paprika.png, id=34, 398.9304pt x 198.0198pt>
File: ./images/resultat_paprika.png Graphic file (type png)
<use ./images/resultat_paprika.png>
Package pdftex.def Info: ./images/resultat_paprika.png  used on input line 146.
(pdftex.def)             Requested size: 284.52756pt x 141.23862pt.
<./images/permer.png, id=35, 404.712pt x 157.5486pt>
File: ./images/permer.png Graphic file (type png)
<use ./images/permer.png>
Package pdftex.def Info: ./images/permer.png  used on input line 159.
(pdftex.def)             Requested size: 284.52756pt x 110.76886pt.
 [5 <./images/resultat_paprika.png> <./images/permer.png>]
<./images/egenskap_perm.png, id=41, 409.7709pt x 298.4751pt>
File: ./images/egenskap_perm.png Graphic file (type png)
<use ./images/egenskap_perm.png>
Package pdftex.def Info: ./images/egenskap_perm.png  used on input line 168.
(pdftex.def)             Requested size: 199.16928pt x 145.0745pt.
<./images/resultat_perm.png, id=42, 404.712pt x 157.5486pt>
File: ./images/resultat_perm.png Graphic file (type png)
<use ./images/resultat_perm.png>
Package pdftex.def Info: ./images/resultat_perm.png  used on input line 177.
(pdftex.def)             Requested size: 199.16928pt x 77.53363pt.
 [6 <./images/egenskap_perm.png> <./images/resultat_perm.png>]
<./images/egne.png, id=48, 416.2752pt x 252.2223pt>
File: ./images/egne.png Graphic file (type png)
<use ./images/egne.png>
Package pdftex.def Info: ./images/egne.png  used on input line 189.
(pdftex.def)             Requested size: 199.16928pt x 120.6766pt.
<./images/egne_regioner.png, id=49, 398.9304pt x 145.2627pt>
File: ./images/egne_regioner.png Graphic file (type png)
<use ./images/egne_regioner.png>
Package pdftex.def Info: ./images/egne_regioner.png  used on input line 194.
(pdftex.def)             Requested size: 199.16928pt x 72.52477pt.
<./images/egne_egenskapsrom.png, id=50, 395.3169pt x 298.4751pt>
File: ./images/egne_egenskapsrom.png Graphic file (type png)
<use ./images/egne_egenskapsrom.png>
Package pdftex.def Info: ./images/egne_egenskapsrom.png  used on input line 199.
(pdftex.def)             Requested size: 199.16928pt x 150.37576pt.
 [7 <./images/egne.png> <./images/egne_regioner.png> <./images/egne_egenskapsrom.png>]
<./images/egne_resultater.png, id=58, 416.2752pt x 252.2223pt>
File: ./images/egne_resultater.png Graphic file (type png)
<use ./images/egne_resultater.png>
Package pdftex.def Info: ./images/egne_resultater.png  used on input line 211.
(pdftex.def)             Requested size: 284.52756pt x 172.40561pt.
 [8 <./images/egne_resultater.png>] (./oppgave.aux)
 ***********
LaTeX2e <2023-11-01> patch level 1
L3 programming layer <2024-02-20>
 ***********
 ) 
Here is how much of TeX's memory you used:
 2259 strings out of 474116
 35623 string characters out of 5743682
 1939187 words of memory out of 5000000
 24618 multiletter control sequences out of 15000+600000
 568531 words of font info for 72 fonts, out of 8000000 for 9000
 1141 hyphenation exceptions out of 8191
 57i,10n,65p,379b,245s stack positions out of 10000i,1000n,20000p,200000b,200000s
</usr/local/texlive/2024/texmf-dist/fonts/type1/public/amsfonts/cm/cmbx12.pfb></usr/local/texlive/2024/texmf-dist/fonts/type1/public/amsfonts/cm/cmex10.pfb></usr/local/texlive/2024/texmf-dist/fonts/type1/public/amsfonts/cm/cmmi10.pfb></usr/local/texlive/2024/texmf-dist/fonts/type1/public/amsfonts/cm/cmmi7.pfb></usr/local/texlive/2024/texmf-dist/fonts/type1/public/amsfonts/cm/cmmib10.pfb></usr/local/texlive/2024/texmf-dist/fonts/type1/public/amsfonts/cm/cmr10.pfb></usr/local/texlive/2024/texmf-dist/fonts/type1/public/amsfonts/cm/cmr12.pfb></usr/local/texlive/2024/texmf-dist/fonts/type1/public/amsfonts/cm/cmr17.pfb></usr/local/texlive/2024/texmf-dist/fonts/type1/public/amsfonts/cm/cmr7.pfb></usr/local/texlive/2024/texmf-dist/fonts/type1/public/amsfonts/cm/cmsy10.pfb></usr/local/texlive/2024/texmf-dist/fonts/type1/public/amsfonts/cm/cmsy7.pfb></usr/local/texlive/2024/texmf-dist/fonts/type1/public/amsfonts/cm/cmtt10.pfb>
Output written on oppgave.pdf (8 pages, 1702963 bytes).
PDF statistics:
 114 PDF objects out of 1000 (max. 8388607)
 57 compressed objects within 1 object stream
 0 named destinations out of 1000 (max. 500000)
 56 words of extra memory for PDF output out of 10000 (max. 10000000)

